{"C:\\Users\\user-pc\\Documents\\GitHub\\Budget_Tracker\\Assignment_10\\creational_patterns\\abstract-factory\\theme-abstract-factory.js": {"path":"C:\\Users\\user-pc\\Documents\\GitHub\\Budget_Tracker\\Assignment_10\\creational_patterns\\abstract-factory\\theme-abstract-factory.js","statementMap":{"0":{"start":{"line":8,"column":6},"end":{"line":8,"column":57}},"1":{"start":{"line":14,"column":6},"end":{"line":14,"column":55}},"2":{"start":{"line":25,"column":6},"end":{"line":25,"column":30}},"3":{"start":{"line":31,"column":6},"end":{"line":31,"column":29}}},"fnMap":{"0":{"name":"(anonymous_0)","decl":{"start":{"line":3,"column":4},"end":{"line":3,"column":5}},"loc":{"start":{"line":3,"column":14},"end":{"line":3,"column":16}},"line":3},"1":{"name":"(anonymous_1)","decl":{"start":{"line":7,"column":4},"end":{"line":7,"column":5}},"loc":{"start":{"line":7,"column":14},"end":{"line":9,"column":5}},"line":7},"2":{"name":"(anonymous_2)","decl":{"start":{"line":13,"column":4},"end":{"line":13,"column":5}},"loc":{"start":{"line":13,"column":14},"end":{"line":15,"column":5}},"line":13},"3":{"name":"(anonymous_3)","decl":{"start":{"line":20,"column":4},"end":{"line":20,"column":5}},"loc":{"start":{"line":20,"column":18},"end":{"line":20,"column":20}},"line":20},"4":{"name":"(anonymous_4)","decl":{"start":{"line":24,"column":4},"end":{"line":24,"column":5}},"loc":{"start":{"line":24,"column":18},"end":{"line":26,"column":5}},"line":24},"5":{"name":"(anonymous_5)","decl":{"start":{"line":30,"column":4},"end":{"line":30,"column":5}},"loc":{"start":{"line":30,"column":18},"end":{"line":32,"column":5}},"line":30}},"branchMap":{},"s":{"0":1,"1":1,"2":1,"3":1},"f":{"0":0,"1":1,"2":1,"3":0,"4":1,"5":1},"b":{},"inputSourceMap":null,"_coverageSchema":"1a1c01bbd47fc00a2c39e90264f33305004495a9","hash":"1edebc61dceffe199c42e02ce9cedd946ae1d6e2"}
,"C:\\Users\\user-pc\\Documents\\GitHub\\Budget_Tracker\\Assignment_10\\creational_patterns\\builder\\user-builder.js": {"path":"C:\\Users\\user-pc\\Documents\\GitHub\\Budget_Tracker\\Assignment_10\\creational_patterns\\builder\\user-builder.js","statementMap":{"0":{"start":{"line":3,"column":6},"end":{"line":3,"column":27}},"1":{"start":{"line":4,"column":6},"end":{"line":4,"column":25}},"2":{"start":{"line":5,"column":6},"end":{"line":5,"column":39}},"3":{"start":{"line":6,"column":6},"end":{"line":6,"column":23}},"4":{"start":{"line":7,"column":6},"end":{"line":7,"column":36}},"5":{"start":{"line":8,"column":6},"end":{"line":8,"column":60}},"6":{"start":{"line":9,"column":6},"end":{"line":9,"column":37}},"7":{"start":{"line":15,"column":6},"end":{"line":15,"column":27}},"8":{"start":{"line":16,"column":6},"end":{"line":16,"column":25}},"9":{"start":{"line":17,"column":6},"end":{"line":17,"column":39}},"10":{"start":{"line":18,"column":6},"end":{"line":18,"column":21}},"11":{"start":{"line":19,"column":6},"end":{"line":19,"column":27}},"12":{"start":{"line":20,"column":6},"end":{"line":20,"column":38}},"13":{"start":{"line":24,"column":6},"end":{"line":24,"column":23}},"14":{"start":{"line":25,"column":6},"end":{"line":25,"column":18}},"15":{"start":{"line":29,"column":6},"end":{"line":29,"column":25}},"16":{"start":{"line":30,"column":6},"end":{"line":30,"column":18}},"17":{"start":{"line":34,"column":6},"end":{"line":34,"column":41}},"18":{"start":{"line":35,"column":6},"end":{"line":35,"column":18}},"19":{"start":{"line":39,"column":6},"end":{"line":46,"column":8}}},"fnMap":{"0":{"name":"(anonymous_0)","decl":{"start":{"line":2,"column":4},"end":{"line":2,"column":5}},"loc":{"start":{"line":2,"column":78},"end":{"line":10,"column":5}},"line":2},"1":{"name":"(anonymous_1)","decl":{"start":{"line":14,"column":4},"end":{"line":14,"column":5}},"loc":{"start":{"line":14,"column":45},"end":{"line":21,"column":5}},"line":14},"2":{"name":"(anonymous_2)","decl":{"start":{"line":23,"column":4},"end":{"line":23,"column":5}},"loc":{"start":{"line":23,"column":18},"end":{"line":26,"column":5}},"line":23},"3":{"name":"(anonymous_3)","decl":{"start":{"line":28,"column":4},"end":{"line":28,"column":5}},"loc":{"start":{"line":28,"column":20},"end":{"line":31,"column":5}},"line":28},"4":{"name":"(anonymous_4)","decl":{"start":{"line":33,"column":4},"end":{"line":33,"column":5}},"loc":{"start":{"line":33,"column":26},"end":{"line":36,"column":5}},"line":33},"5":{"name":"(anonymous_5)","decl":{"start":{"line":38,"column":4},"end":{"line":38,"column":5}},"loc":{"start":{"line":38,"column":12},"end":{"line":47,"column":5}},"line":38}},"branchMap":{"0":{"loc":{"start":{"line":7,"column":19},"end":{"line":7,"column":35}},"type":"binary-expr","locations":[{"start":{"line":7,"column":19},"end":{"line":7,"column":24}},{"start":{"line":7,"column":28},"end":{"line":7,"column":35}}],"line":7},"1":{"loc":{"start":{"line":8,"column":32},"end":{"line":8,"column":59}},"type":"binary-expr","locations":[{"start":{"line":8,"column":32},"end":{"line":8,"column":50}},{"start":{"line":8,"column":54},"end":{"line":8,"column":59}}],"line":8}},"s":{"0":2,"1":2,"2":2,"3":2,"4":2,"5":2,"6":2,"7":2,"8":2,"9":2,"10":2,"11":2,"12":2,"13":1,"14":1,"15":1,"16":1,"17":0,"18":0,"19":2},"f":{"0":2,"1":2,"2":1,"3":1,"4":0,"5":2},"b":{"0":[2,0],"1":[2,0]},"inputSourceMap":null,"_coverageSchema":"1a1c01bbd47fc00a2c39e90264f33305004495a9","hash":"7dd34ab05699846fb89319212b01079ac89c39e4"}
,"C:\\Users\\user-pc\\Documents\\GitHub\\Budget_Tracker\\Assignment_10\\creational_patterns\\factory-method\\notification-factory-method.js": {"path":"C:\\Users\\user-pc\\Documents\\GitHub\\Budget_Tracker\\Assignment_10\\creational_patterns\\factory-method\\notification-factory-method.js","statementMap":{"0":{"start":{"line":3,"column":6},"end":{"line":3,"column":52}},"1":{"start":{"line":9,"column":6},"end":{"line":9,"column":56}},"2":{"start":{"line":15,"column":6},"end":{"line":15,"column":54}},"3":{"start":{"line":21,"column":6},"end":{"line":21,"column":61}},"4":{"start":{"line":21,"column":30},"end":{"line":21,"column":61}},"5":{"start":{"line":22,"column":6},"end":{"line":22,"column":57}},"6":{"start":{"line":22,"column":28},"end":{"line":22,"column":57}},"7":{"start":{"line":23,"column":6},"end":{"line":23,"column":57}}},"fnMap":{"0":{"name":"(anonymous_0)","decl":{"start":{"line":2,"column":4},"end":{"line":2,"column":5}},"loc":{"start":{"line":2,"column":26},"end":{"line":4,"column":5}},"line":2},"1":{"name":"(anonymous_1)","decl":{"start":{"line":8,"column":4},"end":{"line":8,"column":5}},"loc":{"start":{"line":8,"column":26},"end":{"line":10,"column":5}},"line":8},"2":{"name":"(anonymous_2)","decl":{"start":{"line":14,"column":4},"end":{"line":14,"column":5}},"loc":{"start":{"line":14,"column":26},"end":{"line":16,"column":5}},"line":14},"3":{"name":"(anonymous_3)","decl":{"start":{"line":20,"column":4},"end":{"line":20,"column":5}},"loc":{"start":{"line":20,"column":29},"end":{"line":24,"column":5}},"line":20}},"branchMap":{"0":{"loc":{"start":{"line":21,"column":6},"end":{"line":21,"column":61}},"type":"if","locations":[{"start":{"line":21,"column":6},"end":{"line":21,"column":61}},{"start":{},"end":{}}],"line":21},"1":{"loc":{"start":{"line":22,"column":6},"end":{"line":22,"column":57}},"type":"if","locations":[{"start":{"line":22,"column":6},"end":{"line":22,"column":57}},{"start":{},"end":{}}],"line":22}},"s":{"0":0,"1":1,"2":0,"3":2,"4":1,"5":1,"6":0,"7":1},"f":{"0":0,"1":1,"2":0,"3":2},"b":{"0":[1,1],"1":[0,1]},"inputSourceMap":null,"_coverageSchema":"1a1c01bbd47fc00a2c39e90264f33305004495a9","hash":"793968ea9b83849c69484f687e321f3c059fdfbe"}
,"C:\\Users\\user-pc\\Documents\\GitHub\\Budget_Tracker\\Assignment_10\\creational_patterns\\prototype\\budget-prototype.js": {"path":"C:\\Users\\user-pc\\Documents\\GitHub\\Budget_Tracker\\Assignment_10\\creational_patterns\\prototype\\budget-prototype.js","statementMap":{"0":{"start":{"line":3,"column":6},"end":{"line":3,"column":35}},"1":{"start":{"line":4,"column":6},"end":{"line":4,"column":37}},"2":{"start":{"line":5,"column":6},"end":{"line":5,"column":31}},"3":{"start":{"line":6,"column":6},"end":{"line":6,"column":29}},"4":{"start":{"line":10,"column":6},"end":{"line":10,"column":67}},"5":{"start":{"line":16,"column":6},"end":{"line":16,"column":33}},"6":{"start":{"line":20,"column":6},"end":{"line":20,"column":77}},"7":{"start":{"line":21,"column":6},"end":{"line":21,"column":85}},"8":{"start":{"line":25,"column":6},"end":{"line":25,"column":51}}},"fnMap":{"0":{"name":"(anonymous_0)","decl":{"start":{"line":2,"column":4},"end":{"line":2,"column":5}},"loc":{"start":{"line":2,"column":41},"end":{"line":7,"column":5}},"line":2},"1":{"name":"(anonymous_1)","decl":{"start":{"line":9,"column":4},"end":{"line":9,"column":5}},"loc":{"start":{"line":9,"column":12},"end":{"line":11,"column":5}},"line":9},"2":{"name":"(anonymous_2)","decl":{"start":{"line":15,"column":4},"end":{"line":15,"column":5}},"loc":{"start":{"line":15,"column":18},"end":{"line":17,"column":5}},"line":15},"3":{"name":"(anonymous_3)","decl":{"start":{"line":19,"column":4},"end":{"line":19,"column":5}},"loc":{"start":{"line":19,"column":19},"end":{"line":22,"column":5}},"line":19},"4":{"name":"(anonymous_4)","decl":{"start":{"line":24,"column":4},"end":{"line":24,"column":5}},"loc":{"start":{"line":24,"column":30},"end":{"line":26,"column":5}},"line":24}},"branchMap":{},"s":{"0":3,"1":3,"2":3,"3":3,"4":1,"5":1,"6":1,"7":1,"8":1},"f":{"0":3,"1":1,"2":1,"3":1,"4":1},"b":{},"inputSourceMap":null,"_coverageSchema":"1a1c01bbd47fc00a2c39e90264f33305004495a9","hash":"0454d9b20927179bcb862a7bc8428961e29e96f6"}
,"C:\\Users\\user-pc\\Documents\\GitHub\\Budget_Tracker\\Assignment_10\\creational_patterns\\simple-factory\\transaction-factory.js": {"path":"C:\\Users\\user-pc\\Documents\\GitHub\\Budget_Tracker\\Assignment_10\\creational_patterns\\simple-factory\\transaction-factory.js","statementMap":{"0":{"start":{"line":3,"column":6},"end":{"line":3,"column":27}},"1":{"start":{"line":4,"column":6},"end":{"line":4,"column":27}},"2":{"start":{"line":5,"column":6},"end":{"line":5,"column":23}},"3":{"start":{"line":6,"column":6},"end":{"line":6,"column":29}},"4":{"start":{"line":7,"column":6},"end":{"line":7,"column":37}},"5":{"start":{"line":8,"column":6},"end":{"line":8,"column":35}},"6":{"start":{"line":9,"column":6},"end":{"line":9,"column":29}},"7":{"start":{"line":15,"column":6},"end":{"line":17,"column":7}},"8":{"start":{"line":16,"column":8},"end":{"line":16,"column":52}},"9":{"start":{"line":18,"column":6},"end":{"line":18,"column":76}}},"fnMap":{"0":{"name":"(anonymous_0)","decl":{"start":{"line":2,"column":4},"end":{"line":2,"column":5}},"loc":{"start":{"line":2,"column":63},"end":{"line":10,"column":5}},"line":2},"1":{"name":"(anonymous_1)","decl":{"start":{"line":14,"column":4},"end":{"line":14,"column":5}},"loc":{"start":{"line":14,"column":76},"end":{"line":19,"column":5}},"line":14}},"branchMap":{"0":{"loc":{"start":{"line":15,"column":6},"end":{"line":17,"column":7}},"type":"if","locations":[{"start":{"line":15,"column":6},"end":{"line":17,"column":7}},{"start":{},"end":{}}],"line":15},"1":{"loc":{"start":{"line":15,"column":10},"end":{"line":15,"column":49}},"type":"binary-expr","locations":[{"start":{"line":15,"column":10},"end":{"line":15,"column":27}},{"start":{"line":15,"column":31},"end":{"line":15,"column":49}}],"line":15}},"s":{"0":1,"1":1,"2":1,"3":1,"4":1,"5":1,"6":1,"7":2,"8":1,"9":1},"f":{"0":1,"1":2},"b":{"0":[1,1],"1":[2,1]},"inputSourceMap":null,"_coverageSchema":"1a1c01bbd47fc00a2c39e90264f33305004495a9","hash":"1c78235f847a0c5288e78302fe268720ee426a22"}
,"C:\\Users\\user-pc\\Documents\\GitHub\\Budget_Tracker\\Assignment_10\\creational_patterns\\singleton\\db-singleton.js": {"path":"C:\\Users\\user-pc\\Documents\\GitHub\\Budget_Tracker\\Assignment_10\\creational_patterns\\singleton\\db-singleton.js","statementMap":{"0":{"start":{"line":3,"column":6},"end":{"line":5,"column":7}},"1":{"start":{"line":4,"column":8},"end":{"line":4,"column":44}},"2":{"start":{"line":7,"column":6},"end":{"line":7,"column":66}},"3":{"start":{"line":8,"column":6},"end":{"line":8,"column":42}},"4":{"start":{"line":12,"column":6},"end":{"line":12,"column":66}}},"fnMap":{"0":{"name":"(anonymous_0)","decl":{"start":{"line":2,"column":4},"end":{"line":2,"column":5}},"loc":{"start":{"line":2,"column":18},"end":{"line":9,"column":5}},"line":2},"1":{"name":"(anonymous_1)","decl":{"start":{"line":11,"column":4},"end":{"line":11,"column":5}},"loc":{"start":{"line":11,"column":14},"end":{"line":13,"column":5}},"line":11}},"branchMap":{"0":{"loc":{"start":{"line":3,"column":6},"end":{"line":5,"column":7}},"type":"if","locations":[{"start":{"line":3,"column":6},"end":{"line":5,"column":7}},{"start":{},"end":{}}],"line":3}},"s":{"0":2,"1":1,"2":1,"3":1,"4":0},"f":{"0":2,"1":0},"b":{"0":[1,1]},"inputSourceMap":null,"_coverageSchema":"1a1c01bbd47fc00a2c39e90264f33305004495a9","hash":"23dcdd8f1edd8241903cd99b699ba226f17b664f"}
}
